app/build/outputs/logs/manifest-merger-debug-report.txt
-- Merging decision tree log ---
manifest
ADDED from src/main/AndroidManifest.xml:2:1-26:12
	xmlns:android
		ADDED from src/main/AndroidManifest.xml:2:11-69
	package
		ADDED from src/main/AndroidManifest.xml:3:4-56
		INJECTED from src/main/AndroidManifest.xml
		INJECTED from src/main/AndroidManifest.xml
	android:versionName
		ADDED from src/main/AndroidManifest.xml:5:4-29
		INJECTED from src/main/AndroidManifest.xml
		INJECTED from src/main/AndroidManifest.xml
	android:versionCode
		ADDED from src/main/AndroidManifest.xml:4:4-27
		INJECTED from src/main/AndroidManifest.xml
		INJECTED from src/main/AndroidManifest.xml
uses-sdk
ADDED from src/main/AndroidManifest.xml:6:2-9:4
	android:targetSdkVersion
		ADDED from src/main/AndroidManifest.xml:8:4-32
		INJECTED from src/main/AndroidManifest.xml
		INJECTED from src/main/AndroidManifest.xml
	android:minSdkVersion
		ADDED from src/main/AndroidManifest.xml:7:4-29
		INJECTED from src/main/AndroidManifest.xml
		INJECTED from src/main/AndroidManifest.xml
uses-feature#android.hardware.camera
ADDED from src/main/AndroidManifest.xml:11:2-57
	android:name
		ADDED from src/main/AndroidManifest.xml:11:16-54
uses-permission#android.permission.CAMERA
ADDED from src/main/AndroidManifest.xml:12:2-62
	android:name
		ADDED from src/main/AndroidManifest.xml:12:19-59
uses-permission#android.permission.WRITE_EXTERNAL_STORAGE
ADDED from src/main/AndroidManifest.xml:13:2-78
	android:name
		ADDED from src/main/AndroidManifest.xml:13:19-75
application
ADDED from src/main/AndroidManifest.xml:14:3-25:17
	android:label
		ADDED from src/main/AndroidManifest.xml:14:16-48
activity#com.somitsolutions.training.android.camera.PictureDemo
ADDED from src/main/AndroidManifest.xml:15:5-24:16
	android:screenOrientation
		ADDED from src/main/AndroidManifest.xml:18:10-47
	android:label
		ADDED from src/main/AndroidManifest.xml:16:10-42
	android:configChanges
		ADDED from src/main/AndroidManifest.xml:17:10-60
	android:theme
		ADDED from src/main/AndroidManifest.xml:19:10-68
	android:name
		ADDED from src/main/AndroidManifest.xml:15:15-42
intent-filter#android.intent.action.MAIN+android.intent.category.LAUNCHER
ADDED from src/main/AndroidManifest.xml:20:7-23:23
action#android.intent.action.MAIN
ADDED from src/main/AndroidManifest.xml:21:9-61
	android:name
		ADDED from src/main/AndroidManifest.xml:21:17-58
category#android.intent.category.LAUNCHER
ADDED from src/main/AndroidManifest.xml:22:9-69
	android:name
		ADDED from src/main/AndroidManifest.xml:22:19-66